@!@!@STARTMSG 2262:0 @!@!@
TLC2 Version 2.11 of 05 January 2018
@!@!@ENDMSG 2262 @!@!@
@!@!@STARTMSG 2187:0 @!@!@
Running breadth-first search Model-Checking with 2 workers on 4 cores with 583MB heap and 1309MB offheap memory (Linux 4.14.12-1-default amd64, Oracle Corporation 1.8.0_151 x86_64).
@!@!@ENDMSG 2187 @!@!@
@!@!@STARTMSG 2220:0 @!@!@
Starting SANY...
@!@!@ENDMSG 2220 @!@!@
Parsing file MC.tla
Parsing file GalsSystem.tla
Parsing file /home/affan/bin/tla-toolbox/plugins/org.lamport.tlatools_1.0.0.201801080826/tla2sany/StandardModules/TLC.tla
Parsing file /home/affan/bin/tla-toolbox/plugins/org.lamport.tlatools_1.0.0.201801080826/tla2sany/StandardModules/FiniteSets.tla
Parsing file /home/affan/bin/tla-toolbox/plugins/org.lamport.tlatools_1.0.0.201801080826/tla2sany/StandardModules/Naturals.tla
Parsing file /home/affan/bin/tla-toolbox/plugins/org.lamport.tlatools_1.0.0.201801080826/tla2sany/StandardModules/Sequences.tla
Semantic processing of module Naturals
Semantic processing of module Sequences
Semantic processing of module FiniteSets
Semantic processing of module GalsSystem
Semantic processing of module TLC
Semantic processing of module MC
@!@!@STARTMSG 2219:0 @!@!@
SANY finished.
@!@!@ENDMSG 2219 @!@!@
@!@!@STARTMSG 2185:0 @!@!@
Starting... (2018-01-11 14:34:59)
@!@!@ENDMSG 2185 @!@!@
@!@!@STARTMSG 2189:0 @!@!@
Computing initial states...
@!@!@ENDMSG 2189 @!@!@
@!@!@STARTMSG 1000:1 @!@!@
Attempted to select field "c" from a non-record value {{[c1 |-> c2, c2 |-> c1]}}
line 30, col 50 to line 30, col 61 of module GalsSystem
@!@!@ENDMSG 1000 @!@!@
@!@!@STARTMSG 2147:1 @!@!@
TLC was unable to fingerprint.

Fingerprint Stack Trace:
0) line 29, col 21 to line 30, col 74 of module GalsSystem

Reason:
Attempted to select field "c" from a non-record value {{[c1 |-> c2, c2 |-> c1]}}
line 30, col 50 to line 30, col 61 of module GalsSystem
@!@!@ENDMSG 2147 @!@!@
@!@!@STARTMSG 2201:0 @!@!@
The coverage statistics at 2018-01-11 14:35:00
@!@!@ENDMSG 2201 @!@!@
@!@!@STARTMSG 2202:0 @!@!@
End of statistics.
@!@!@ENDMSG 2202 @!@!@
@!@!@STARTMSG 2200:0 @!@!@
Progress(0) at 2018-01-11 14:35:00: 0 states generated (0 s/min), 0 distinct states found (0 ds/min), 0 states left on queue.
@!@!@ENDMSG 2200 @!@!@
@!@!@STARTMSG 2199:0 @!@!@
0 states generated, 0 distinct states found, 0 states left on queue.
@!@!@ENDMSG 2199 @!@!@
@!@!@STARTMSG 2186:0 @!@!@
Finished in 651ms at (2018-01-11 14:35:00)
@!@!@ENDMSG 2186 @!@!@
