@!@!@STARTMSG 2262:0 @!@!@
TLC2 Version 2.11 of 05 January 2018
@!@!@ENDMSG 2262 @!@!@
@!@!@STARTMSG 2187:0 @!@!@
Running breadth-first search Model-Checking with 2 workers on 4 cores with 583MB heap and 1310MB offheap memory (Linux 4.14.14-1-ARCH amd64, Oracle Corporation 1.8.0_144 x86_64).
@!@!@ENDMSG 2187 @!@!@
@!@!@STARTMSG 2220:0 @!@!@
Starting SANY...
@!@!@ENDMSG 2220 @!@!@
Parsing file MC.tla
Parsing file GalsSystemIntCells.tla
Parsing file /usr/share/java/tla-toolbox/plugins/org.lamport.tlatools_1.0.0.201801080826/tla2sany/StandardModules/TLC.tla
Parsing file /usr/share/java/tla-toolbox/plugins/org.lamport.tlatools_1.0.0.201801080826/tla2sany/StandardModules/FiniteSets.tla
Parsing file /usr/share/java/tla-toolbox/plugins/org.lamport.tlatools_1.0.0.201801080826/tla2sany/StandardModules/Integers.tla
Parsing file /usr/share/java/tla-toolbox/plugins/org.lamport.tlatools_1.0.0.201801080826/tla2sany/StandardModules/Naturals.tla
Parsing file /usr/share/java/tla-toolbox/plugins/org.lamport.tlatools_1.0.0.201801080826/tla2sany/StandardModules/Sequences.tla
Semantic processing of module Naturals
Semantic processing of module Sequences
Semantic processing of module FiniteSets
Semantic processing of module Integers
Semantic processing of module GalsSystemIntCells
Semantic processing of module TLC
Semantic processing of module MC
@!@!@STARTMSG 2219:0 @!@!@
SANY finished.
@!@!@ENDMSG 2219 @!@!@
@!@!@STARTMSG 2185:0 @!@!@
Starting... (2018-01-25 23:50:35)
@!@!@ENDMSG 2185 @!@!@
@!@!@STARTMSG 2189:0 @!@!@
Computing initial states...
@!@!@ENDMSG 2189 @!@!@
@!@!@STARTMSG 2190:0 @!@!@
Finished computing initial states: 1 distinct state generated.
@!@!@ENDMSG 2190 @!@!@
@!@!@STARTMSG 2114:1 @!@!@
Deadlock reached.
@!@!@ENDMSG 2114 @!@!@
@!@!@STARTMSG 2121:1 @!@!@
The behavior up to this point is:
@!@!@ENDMSG 2121 @!@!@
@!@!@STARTMSG 2217:4 @!@!@
1: <Initial predicate>
state = <<[t |-> 0, s |-> <<1, 0>>], [t |-> 0, s |-> <<1, 0>>]>>

@!@!@ENDMSG 2217 @!@!@
@!@!@STARTMSG 2217:4 @!@!@
2: <GSNext line 25, col 21 to line 33, col 41 of module GalsSystemIntCells>
state = <<[t |-> 1, s |-> <<0, 0>>], [t |-> 0, s |-> <<1, 1>>]>>

@!@!@ENDMSG 2217 @!@!@
@!@!@STARTMSG 2217:4 @!@!@
3: <GSNext line 25, col 21 to line 33, col 41 of module GalsSystemIntCells>
state = <<[t |-> 1, s |-> <<1, 0>>], [t |-> 1, s |-> <<1, 0>>]>>

@!@!@ENDMSG 2217 @!@!@
@!@!@STARTMSG 2217:4 @!@!@
4: <GSNext line 25, col 21 to line 33, col 41 of module GalsSystemIntCells>
state = <<[t |-> 2, s |-> <<0, 0>>], [t |-> 1, s |-> <<1, 1>>]>>

@!@!@ENDMSG 2217 @!@!@
@!@!@STARTMSG 2217:4 @!@!@
5: <GSNext line 25, col 21 to line 33, col 41 of module GalsSystemIntCells>
state = <<[t |-> 2, s |-> <<1, 0>>], [t |-> 2, s |-> <<1, 0>>]>>

@!@!@ENDMSG 2217 @!@!@
@!@!@STARTMSG 2217:4 @!@!@
6: <GSNext line 25, col 21 to line 33, col 41 of module GalsSystemIntCells>
state = <<[t |-> 3, s |-> <<0, 0>>], [t |-> 2, s |-> <<1, 1>>]>>

@!@!@ENDMSG 2217 @!@!@
@!@!@STARTMSG 2217:4 @!@!@
7: <GSNext line 25, col 21 to line 33, col 41 of module GalsSystemIntCells>
state = <<[t |-> 3, s |-> <<1, 0>>], [t |-> 3, s |-> <<1, 0>>]>>

@!@!@ENDMSG 2217 @!@!@
@!@!@STARTMSG 2217:4 @!@!@
8: <GSNext line 25, col 21 to line 33, col 41 of module GalsSystemIntCells>
state = <<[t |-> 4, s |-> <<0, 0>>], [t |-> 3, s |-> <<1, 1>>]>>

@!@!@ENDMSG 2217 @!@!@
@!@!@STARTMSG 2217:4 @!@!@
9: <GSNext line 25, col 21 to line 33, col 41 of module GalsSystemIntCells>
state = <<[t |-> 4, s |-> <<1, 0>>], [t |-> 4, s |-> <<1, 0>>]>>

@!@!@ENDMSG 2217 @!@!@
@!@!@STARTMSG 2217:4 @!@!@
10: <GSNext line 25, col 21 to line 33, col 41 of module GalsSystemIntCells>
state = <<[t |-> 5, s |-> <<0, 0>>], [t |-> 4, s |-> <<1, 1>>]>>

@!@!@ENDMSG 2217 @!@!@
@!@!@STARTMSG 2217:4 @!@!@
11: <GSNext line 25, col 21 to line 33, col 41 of module GalsSystemIntCells>
state = <<[t |-> 5, s |-> <<1, 0>>], [t |-> 5, s |-> <<1, 0>>]>>

@!@!@ENDMSG 2217 @!@!@
@!@!@STARTMSG 2201:0 @!@!@
The coverage statistics at 2018-01-25 23:50:35
@!@!@ENDMSG 2201 @!@!@
@!@!@STARTMSG 2221:0 @!@!@
  line 27, col 24 to line 33, col 41 of module GalsSystemIntCells: 20
@!@!@ENDMSG 2221 @!@!@
@!@!@STARTMSG 2202:0 @!@!@
End of statistics.
@!@!@ENDMSG 2202 @!@!@
@!@!@STARTMSG 2200:0 @!@!@
Progress(11) at 2018-01-25 23:50:35: 21 states generated (3,761 s/min), 16 distinct states found (2,865 ds/min), 0 states left on queue.
@!@!@ENDMSG 2200 @!@!@
@!@!@STARTMSG 2199:0 @!@!@
21 states generated, 16 distinct states found, 0 states left on queue.
@!@!@ENDMSG 2199 @!@!@
@!@!@STARTMSG 2194:0 @!@!@
The depth of the complete state graph search is 11.
@!@!@ENDMSG 2194 @!@!@
@!@!@STARTMSG 2268:0 @!@!@
The average outdegree of the complete state graph is 1 (minimum is 0, the maximum 2 and the 95th percentile is 2).
@!@!@ENDMSG 2268 @!@!@
@!@!@STARTMSG 2186:0 @!@!@
Finished in 540ms at (2018-01-25 23:50:35)
@!@!@ENDMSG 2186 @!@!@
