@!@!@STARTMSG 2262:0 @!@!@
TLC2 Version 2.11 of 05 January 2018
@!@!@ENDMSG 2262 @!@!@
@!@!@STARTMSG 2187:0 @!@!@
Running breadth-first search Model-Checking with 2 workers on 4 cores with 583MB heap and 1310MB offheap memory (Linux 4.14.14-1-ARCH amd64, Oracle Corporation 1.8.0_144 x86_64).
@!@!@ENDMSG 2187 @!@!@
@!@!@STARTMSG 2220:0 @!@!@
Starting SANY...
@!@!@ENDMSG 2220 @!@!@
Parsing file MC.tla
Parsing file GalsSystem5cell.tla
Parsing file /usr/share/java/tla-toolbox/plugins/org.lamport.tlatools_1.0.0.201801080826/tla2sany/StandardModules/TLC.tla
Parsing file /usr/share/java/tla-toolbox/plugins/org.lamport.tlatools_1.0.0.201801080826/tla2sany/StandardModules/Integers.tla
Parsing file /usr/share/java/tla-toolbox/plugins/org.lamport.tlatools_1.0.0.201801080826/tla2sany/StandardModules/FiniteSets.tla
Parsing file /usr/share/java/tla-toolbox/plugins/org.lamport.tlatools_1.0.0.201801080826/tla2sany/StandardModules/Naturals.tla
Parsing file /usr/share/java/tla-toolbox/plugins/org.lamport.tlatools_1.0.0.201801080826/tla2sany/StandardModules/Sequences.tla
Semantic processing of module Naturals
Semantic processing of module Integers
Semantic processing of module Sequences
Semantic processing of module FiniteSets
Semantic processing of module GalsSystem5cell
Semantic processing of module TLC
Semantic processing of module MC
@!@!@STARTMSG 2219:0 @!@!@
SANY finished.
@!@!@ENDMSG 2219 @!@!@
@!@!@STARTMSG 2185:0 @!@!@
Starting... (2018-01-25 21:23:52)
@!@!@ENDMSG 2185 @!@!@
@!@!@STARTMSG 2189:0 @!@!@
Computing initial states...
@!@!@ENDMSG 2189 @!@!@
@!@!@STARTMSG 2190:0 @!@!@
Finished computing initial states: 1 distinct state generated.
@!@!@ENDMSG 2190 @!@!@
@!@!@STARTMSG 2144:3 @!@!@
The EXCEPT was applied to non-existing fields of the value at
line 93, col 26 to line 93, col 30 of module GalsSystem5cell
@!@!@ENDMSG 2144 @!@!@
@!@!@STARTMSG 2144:3 @!@!@
The EXCEPT was applied to non-existing fields of the value at
line 125, col 26 to line 125, col 30 of module GalsSystem5cell
@!@!@ENDMSG 2144 @!@!@
@!@!@STARTMSG 2114:1 @!@!@
Deadlock reached.
@!@!@ENDMSG 2114 @!@!@
@!@!@STARTMSG 2121:1 @!@!@
The behavior up to this point is:
@!@!@ENDMSG 2121 @!@!@
@!@!@STARTMSG 2217:4 @!@!@
1: <Initial predicate>
/\ neighbours = { [c1 |-> "c5", c2 |-> "c5", c3 |-> "c5", c4 |-> "c5", c5 |-> "c1"],
  [c1 |-> "c5", c2 |-> "c5", c3 |-> "c5", c4 |-> "c5", c5 |-> "c2"],
  [c1 |-> "c5", c2 |-> "c5", c3 |-> "c5", c4 |-> "c5", c5 |-> "c3"],
  [c1 |-> "c5", c2 |-> "c5", c3 |-> "c5", c4 |-> "c5", c5 |-> "c4"] }
/\ state = [ c1 |-> [t |-> 0, s |-> <<1, 0>>],
  c2 |-> [t |-> 0, s |-> <<1, 0>>],
  c3 |-> [t |-> 0, s |-> <<1, 0>>],
  c4 |-> [t |-> 0, s |-> <<1, 0>>],
  c5 |-> [t |-> 0, s |-> <<4, 0>>] ]
/\ cells = {"c1", "c2", "c3", "c4", "c5"}

@!@!@ENDMSG 2217 @!@!@
@!@!@STARTMSG 2217:4 @!@!@
2: <nextC2 line 99, col 13 to line 105, col 46 of module GalsSystem5cell>
/\ neighbours = { [c1 |-> "c5", c2 |-> "c5", c3 |-> "c5", c4 |-> "c5", c5 |-> "c1"],
  [c1 |-> "c5", c2 |-> "c5", c3 |-> "c5", c4 |-> "c5", c5 |-> "c2"],
  [c1 |-> "c5", c2 |-> "c5", c3 |-> "c5", c4 |-> "c5", c5 |-> "c3"],
  [c1 |-> "c5", c2 |-> "c5", c3 |-> "c5", c4 |-> "c5", c5 |-> "c4"] }
/\ state = [ c1 |-> [t |-> 0, s |-> <<1, 0>>],
  c2 |-> [t |-> 1, s |-> <<0, 0>>],
  c3 |-> [t |-> 0, s |-> <<1, 0>>],
  c4 |-> [t |-> 0, s |-> <<1, 0>>],
  c5 |-> [t |-> 0, s |-> <<4, 1>>] ]
/\ cells = {"c1", "c2", "c3", "c4", "c5"}

@!@!@ENDMSG 2217 @!@!@
@!@!@STARTMSG 2217:4 @!@!@
3: <nextC3 line 107, col 13 to line 113, col 46 of module GalsSystem5cell>
/\ neighbours = { [c1 |-> "c5", c2 |-> "c5", c3 |-> "c5", c4 |-> "c5", c5 |-> "c1"],
  [c1 |-> "c5", c2 |-> "c5", c3 |-> "c5", c4 |-> "c5", c5 |-> "c2"],
  [c1 |-> "c5", c2 |-> "c5", c3 |-> "c5", c4 |-> "c5", c5 |-> "c3"],
  [c1 |-> "c5", c2 |-> "c5", c3 |-> "c5", c4 |-> "c5", c5 |-> "c4"] }
/\ state = [ c1 |-> [t |-> 0, s |-> <<1, 0>>],
  c2 |-> [t |-> 1, s |-> <<0, 0>>],
  c3 |-> [t |-> 1, s |-> <<0, 0>>],
  c4 |-> [t |-> 0, s |-> <<1, 0>>],
  c5 |-> [t |-> 0, s |-> <<4, 2>>] ]
/\ cells = {"c1", "c2", "c3", "c4", "c5"}

@!@!@ENDMSG 2217 @!@!@
@!@!@STARTMSG 2217:4 @!@!@
4: <nextC5 line 123, col 13 to line 132, col 46 of module GalsSystem5cell>
/\ neighbours = { [c1 |-> "c5", c2 |-> "c5", c3 |-> "c5", c4 |-> "c5", c5 |-> "c1"],
  [c1 |-> "c5", c2 |-> "c5", c3 |-> "c5", c4 |-> "c5", c5 |-> "c2"],
  [c1 |-> "c5", c2 |-> "c5", c3 |-> "c5", c4 |-> "c5", c5 |-> "c3"],
  [c1 |-> "c5", c2 |-> "c5", c3 |-> "c5", c4 |-> "c5", c5 |-> "c4"] }
/\ state = [ c1 |-> [t |-> 0, s |-> <<1, 1>>],
  c2 |-> [t |-> 1, s |-> <<1, 0>>],
  c3 |-> [t |-> 1, s |-> <<1, 0>>],
  c4 |-> [t |-> 0, s |-> <<1, 1>>],
  c5 |-> [t |-> 1, s |-> <<2, 0>>] ]
/\ cells = {"c1", "c2", "c3", "c4", "c5"}

@!@!@ENDMSG 2217 @!@!@
@!@!@STARTMSG 2217:4 @!@!@
5: <nextC1 line 91, col 13 to line 97, col 46 of module GalsSystem5cell>
/\ neighbours = { [c1 |-> "c5", c2 |-> "c5", c3 |-> "c5", c4 |-> "c5", c5 |-> "c1"],
  [c1 |-> "c5", c2 |-> "c5", c3 |-> "c5", c4 |-> "c5", c5 |-> "c2"],
  [c1 |-> "c5", c2 |-> "c5", c3 |-> "c5", c4 |-> "c5", c5 |-> "c3"],
  [c1 |-> "c5", c2 |-> "c5", c3 |-> "c5", c4 |-> "c5", c5 |-> "c4"] }
/\ state = [ c1 |-> [t |-> 1, s |-> <<0, 0>>],
  c2 |-> [t |-> 1, s |-> <<1, 0>>],
  c3 |-> [t |-> 1, s |-> <<1, 0>>],
  c4 |-> [t |-> 0, s |-> <<1, 1>>],
  c5 |-> [t |-> 1, s |-> <<3, 0>>] ]
/\ cells = {"c1", "c2", "c3", "c4", "c5"}

@!@!@ENDMSG 2217 @!@!@
@!@!@STARTMSG 2217:4 @!@!@
6: <nextC2 line 99, col 13 to line 105, col 46 of module GalsSystem5cell>
/\ neighbours = { [c1 |-> "c5", c2 |-> "c5", c3 |-> "c5", c4 |-> "c5", c5 |-> "c1"],
  [c1 |-> "c5", c2 |-> "c5", c3 |-> "c5", c4 |-> "c5", c5 |-> "c2"],
  [c1 |-> "c5", c2 |-> "c5", c3 |-> "c5", c4 |-> "c5", c5 |-> "c3"],
  [c1 |-> "c5", c2 |-> "c5", c3 |-> "c5", c4 |-> "c5", c5 |-> "c4"] }
/\ state = [ c1 |-> [t |-> 1, s |-> <<0, 0>>],
  c2 |-> [t |-> 2, s |-> <<0, 0>>],
  c3 |-> [t |-> 1, s |-> <<1, 0>>],
  c4 |-> [t |-> 0, s |-> <<1, 1>>],
  c5 |-> [t |-> 1, s |-> <<3, 1>>] ]
/\ cells = {"c1", "c2", "c3", "c4", "c5"}

@!@!@ENDMSG 2217 @!@!@
@!@!@STARTMSG 2217:4 @!@!@
7: <nextC3 line 107, col 13 to line 113, col 46 of module GalsSystem5cell>
/\ neighbours = { [c1 |-> "c5", c2 |-> "c5", c3 |-> "c5", c4 |-> "c5", c5 |-> "c1"],
  [c1 |-> "c5", c2 |-> "c5", c3 |-> "c5", c4 |-> "c5", c5 |-> "c2"],
  [c1 |-> "c5", c2 |-> "c5", c3 |-> "c5", c4 |-> "c5", c5 |-> "c3"],
  [c1 |-> "c5", c2 |-> "c5", c3 |-> "c5", c4 |-> "c5", c5 |-> "c4"] }
/\ state = [ c1 |-> [t |-> 1, s |-> <<0, 0>>],
  c2 |-> [t |-> 2, s |-> <<0, 0>>],
  c3 |-> [t |-> 2, s |-> <<0, 0>>],
  c4 |-> [t |-> 0, s |-> <<1, 1>>],
  c5 |-> [t |-> 1, s |-> <<3, 2>>] ]
/\ cells = {"c1", "c2", "c3", "c4", "c5"}

@!@!@ENDMSG 2217 @!@!@
@!@!@STARTMSG 2217:4 @!@!@
8: <nextC4 line 115, col 13 to line 121, col 46 of module GalsSystem5cell>
/\ neighbours = { [c1 |-> "c5", c2 |-> "c5", c3 |-> "c5", c4 |-> "c5", c5 |-> "c1"],
  [c1 |-> "c5", c2 |-> "c5", c3 |-> "c5", c4 |-> "c5", c5 |-> "c2"],
  [c1 |-> "c5", c2 |-> "c5", c3 |-> "c5", c4 |-> "c5", c5 |-> "c3"],
  [c1 |-> "c5", c2 |-> "c5", c3 |-> "c5", c4 |-> "c5", c5 |-> "c4"] }
/\ state = [ c1 |-> [t |-> 1, s |-> <<0, 0>>],
  c2 |-> [t |-> 2, s |-> <<0, 0>>],
  c3 |-> [t |-> 2, s |-> <<0, 0>>],
  c4 |-> [t |-> 1, s |-> <<1, 0>>],
  c5 |-> [t |-> 1, s |-> <<4, 2>>] ]
/\ cells = {"c1", "c2", "c3", "c4", "c5"}

@!@!@ENDMSG 2217 @!@!@
@!@!@STARTMSG 2217:4 @!@!@
9: <nextC4 line 115, col 13 to line 121, col 46 of module GalsSystem5cell>
/\ neighbours = { [c1 |-> "c5", c2 |-> "c5", c3 |-> "c5", c4 |-> "c5", c5 |-> "c1"],
  [c1 |-> "c5", c2 |-> "c5", c3 |-> "c5", c4 |-> "c5", c5 |-> "c2"],
  [c1 |-> "c5", c2 |-> "c5", c3 |-> "c5", c4 |-> "c5", c5 |-> "c3"],
  [c1 |-> "c5", c2 |-> "c5", c3 |-> "c5", c4 |-> "c5", c5 |-> "c4"] }
/\ state = [ c1 |-> [t |-> 1, s |-> <<0, 0>>],
  c2 |-> [t |-> 2, s |-> <<0, 0>>],
  c3 |-> [t |-> 2, s |-> <<0, 0>>],
  c4 |-> [t |-> 2, s |-> <<0, 0>>],
  c5 |-> [t |-> 1, s |-> <<4, 3>>] ]
/\ cells = {"c1", "c2", "c3", "c4", "c5"}

@!@!@ENDMSG 2217 @!@!@
@!@!@STARTMSG 2217:4 @!@!@
10: <nextC5 line 123, col 13 to line 132, col 46 of module GalsSystem5cell>
/\ neighbours = { [c1 |-> "c5", c2 |-> "c5", c3 |-> "c5", c4 |-> "c5", c5 |-> "c1"],
  [c1 |-> "c5", c2 |-> "c5", c3 |-> "c5", c4 |-> "c5", c5 |-> "c2"],
  [c1 |-> "c5", c2 |-> "c5", c3 |-> "c5", c4 |-> "c5", c5 |-> "c3"],
  [c1 |-> "c5", c2 |-> "c5", c3 |-> "c5", c4 |-> "c5", c5 |-> "c4"] }
/\ state = [ c1 |-> [t |-> 1, s |-> <<0, 1>>],
  c2 |-> [t |-> 2, s |-> <<1, 0>>],
  c3 |-> [t |-> 2, s |-> <<1, 0>>],
  c4 |-> [t |-> 2, s |-> <<1, 0>>],
  c5 |-> [t |-> 2, s |-> <<3, 0>>] ]
/\ cells = {"c1", "c2", "c3", "c4", "c5"}

@!@!@ENDMSG 2217 @!@!@
@!@!@STARTMSG 2217:4 @!@!@
11: <nextC2 line 99, col 13 to line 105, col 46 of module GalsSystem5cell>
/\ neighbours = { [c1 |-> "c5", c2 |-> "c5", c3 |-> "c5", c4 |-> "c5", c5 |-> "c1"],
  [c1 |-> "c5", c2 |-> "c5", c3 |-> "c5", c4 |-> "c5", c5 |-> "c2"],
  [c1 |-> "c5", c2 |-> "c5", c3 |-> "c5", c4 |-> "c5", c5 |-> "c3"],
  [c1 |-> "c5", c2 |-> "c5", c3 |-> "c5", c4 |-> "c5", c5 |-> "c4"] }
/\ state = [ c1 |-> [t |-> 1, s |-> <<0, 1>>],
  c2 |-> [t |-> 3, s |-> <<0, 0>>],
  c3 |-> [t |-> 2, s |-> <<1, 0>>],
  c4 |-> [t |-> 2, s |-> <<1, 0>>],
  c5 |-> [t |-> 2, s |-> <<3, 1>>] ]
/\ cells = {"c1", "c2", "c3", "c4", "c5"}

@!@!@ENDMSG 2217 @!@!@
@!@!@STARTMSG 2217:4 @!@!@
12: <nextC3 line 107, col 13 to line 113, col 46 of module GalsSystem5cell>
/\ neighbours = { [c1 |-> "c5", c2 |-> "c5", c3 |-> "c5", c4 |-> "c5", c5 |-> "c1"],
  [c1 |-> "c5", c2 |-> "c5", c3 |-> "c5", c4 |-> "c5", c5 |-> "c2"],
  [c1 |-> "c5", c2 |-> "c5", c3 |-> "c5", c4 |-> "c5", c5 |-> "c3"],
  [c1 |-> "c5", c2 |-> "c5", c3 |-> "c5", c4 |-> "c5", c5 |-> "c4"] }
/\ state = [ c1 |-> [t |-> 1, s |-> <<0, 1>>],
  c2 |-> [t |-> 3, s |-> <<0, 0>>],
  c3 |-> [t |-> 3, s |-> <<0, 0>>],
  c4 |-> [t |-> 2, s |-> <<1, 0>>],
  c5 |-> [t |-> 2, s |-> <<3, 2>>] ]
/\ cells = {"c1", "c2", "c3", "c4", "c5"}

@!@!@ENDMSG 2217 @!@!@
@!@!@STARTMSG 2217:4 @!@!@
13: <nextC4 line 115, col 13 to line 121, col 46 of module GalsSystem5cell>
/\ neighbours = { [c1 |-> "c5", c2 |-> "c5", c3 |-> "c5", c4 |-> "c5", c5 |-> "c1"],
  [c1 |-> "c5", c2 |-> "c5", c3 |-> "c5", c4 |-> "c5", c5 |-> "c2"],
  [c1 |-> "c5", c2 |-> "c5", c3 |-> "c5", c4 |-> "c5", c5 |-> "c3"],
  [c1 |-> "c5", c2 |-> "c5", c3 |-> "c5", c4 |-> "c5", c5 |-> "c4"] }
/\ state = [ c1 |-> [t |-> 1, s |-> <<0, 1>>],
  c2 |-> [t |-> 3, s |-> <<0, 0>>],
  c3 |-> [t |-> 3, s |-> <<0, 0>>],
  c4 |-> [t |-> 3, s |-> <<0, 0>>],
  c5 |-> [t |-> 2, s |-> <<3, 3>>] ]
/\ cells = {"c1", "c2", "c3", "c4", "c5"}

@!@!@ENDMSG 2217 @!@!@
@!@!@STARTMSG 2201:0 @!@!@
The coverage statistics at 2018-01-25 21:23:53
@!@!@ENDMSG 2201 @!@!@
@!@!@STARTMSG 2221:0 @!@!@
  line 101, col 16 to line 104, col 74 of module GalsSystem5cell: 399
@!@!@ENDMSG 2221 @!@!@
@!@!@STARTMSG 2221:0 @!@!@
  line 105, col 28 to line 105, col 32 of module GalsSystem5cell: 399
@!@!@ENDMSG 2221 @!@!@
@!@!@STARTMSG 2221:0 @!@!@
  line 105, col 35 to line 105, col 44 of module GalsSystem5cell: 399
@!@!@ENDMSG 2221 @!@!@
@!@!@STARTMSG 2221:0 @!@!@
  line 109, col 16 to line 112, col 74 of module GalsSystem5cell: 423
@!@!@ENDMSG 2221 @!@!@
@!@!@STARTMSG 2221:0 @!@!@
  line 113, col 28 to line 113, col 32 of module GalsSystem5cell: 423
@!@!@ENDMSG 2221 @!@!@
@!@!@STARTMSG 2221:0 @!@!@
  line 113, col 35 to line 113, col 44 of module GalsSystem5cell: 423
@!@!@ENDMSG 2221 @!@!@
@!@!@STARTMSG 2221:0 @!@!@
  line 117, col 16 to line 120, col 74 of module GalsSystem5cell: 423
@!@!@ENDMSG 2221 @!@!@
@!@!@STARTMSG 2221:0 @!@!@
  line 121, col 28 to line 121, col 32 of module GalsSystem5cell: 423
@!@!@ENDMSG 2221 @!@!@
@!@!@STARTMSG 2221:0 @!@!@
  line 121, col 35 to line 121, col 44 of module GalsSystem5cell: 423
@!@!@ENDMSG 2221 @!@!@
@!@!@STARTMSG 2221:0 @!@!@
  line 125, col 16 to line 131, col 74 of module GalsSystem5cell: 140
@!@!@ENDMSG 2221 @!@!@
@!@!@STARTMSG 2221:0 @!@!@
  line 132, col 28 to line 132, col 32 of module GalsSystem5cell: 140
@!@!@ENDMSG 2221 @!@!@
@!@!@STARTMSG 2221:0 @!@!@
  line 132, col 35 to line 132, col 44 of module GalsSystem5cell: 140
@!@!@ENDMSG 2221 @!@!@
@!@!@STARTMSG 2221:0 @!@!@
  line 93, col 16 to line 96, col 74 of module GalsSystem5cell: 285
@!@!@ENDMSG 2221 @!@!@
@!@!@STARTMSG 2221:0 @!@!@
  line 97, col 28 to line 97, col 32 of module GalsSystem5cell: 285
@!@!@ENDMSG 2221 @!@!@
@!@!@STARTMSG 2221:0 @!@!@
  line 97, col 35 to line 97, col 44 of module GalsSystem5cell: 285
@!@!@ENDMSG 2221 @!@!@
@!@!@STARTMSG 2202:0 @!@!@
End of statistics.
@!@!@ENDMSG 2202 @!@!@
@!@!@STARTMSG 2200:0 @!@!@
Progress(15) at 2018-01-25 21:23:53: 1671 states generated (121,527 s/min), 696 distinct states found (50,618 ds/min), 106 states left on queue.
@!@!@ENDMSG 2200 @!@!@
@!@!@STARTMSG 2199:0 @!@!@
1671 states generated, 696 distinct states found, 106 states left on queue.
@!@!@ENDMSG 2199 @!@!@
@!@!@STARTMSG 2194:0 @!@!@
The depth of the complete state graph search is 15.
@!@!@ENDMSG 2194 @!@!@
@!@!@STARTMSG 2268:0 @!@!@
The average outdegree of the complete state graph is 1 (minimum is 0, the maximum 5 and the 95th percentile is 3).
@!@!@ENDMSG 2268 @!@!@
@!@!@STARTMSG 2186:0 @!@!@
Finished in 1056ms at (2018-01-25 21:23:53)
@!@!@ENDMSG 2186 @!@!@
