@!@!@STARTMSG 2262:0 @!@!@
TLC2 Version 2.11 of 05 January 2018
@!@!@ENDMSG 2262 @!@!@
@!@!@STARTMSG 2187:0 @!@!@
Running breadth-first search Model-Checking with 2 workers on 4 cores with 583MB heap and 1309MB offheap memory (Linux 4.14.12-1-default amd64, Oracle Corporation 1.8.0_151 x86_64).
@!@!@ENDMSG 2187 @!@!@
@!@!@STARTMSG 2220:0 @!@!@
Starting SANY...
@!@!@ENDMSG 2220 @!@!@
Parsing file MC.tla
Parsing file GalsSystem.tla
Parsing file /home/affan/bin/tla-toolbox/plugins/org.lamport.tlatools_1.0.0.201801080826/tla2sany/StandardModules/TLC.tla
Parsing file /home/affan/bin/tla-toolbox/plugins/org.lamport.tlatools_1.0.0.201801080826/tla2sany/StandardModules/FiniteSets.tla
Parsing file /home/affan/bin/tla-toolbox/plugins/org.lamport.tlatools_1.0.0.201801080826/tla2sany/StandardModules/Naturals.tla
Parsing file /home/affan/bin/tla-toolbox/plugins/org.lamport.tlatools_1.0.0.201801080826/tla2sany/StandardModules/Sequences.tla
Semantic processing of module Naturals
Semantic processing of module Sequences
Semantic processing of module FiniteSets
Semantic processing of module GalsSystem
Semantic processing of module TLC
Semantic processing of module MC
@!@!@STARTMSG 2219:0 @!@!@
SANY finished.
@!@!@ENDMSG 2219 @!@!@
@!@!@STARTMSG 2185:0 @!@!@
Starting... (2018-01-11 14:30:04)
@!@!@ENDMSG 2185 @!@!@
@!@!@STARTMSG 2189:0 @!@!@
Computing initial states...
@!@!@ENDMSG 2189 @!@!@
@!@!@STARTMSG 2102:1 @!@!@
Attempted to apply function:
(c1 :> [t |-> 0, cs |-> 0, ns |-> 0] @@ c2 :> [t |-> 0, cs |-> 0, ns |-> 0])
to argument "c", which is not in the domain of the function.
While working on the initial state:
state = (c1 :> [t |-> 0, cs |-> 0, ns |-> 0] @@ c2 :> [t |-> 0, cs |-> 0, ns |-> 0])

@!@!@ENDMSG 2102 @!@!@
@!@!@STARTMSG 2201:0 @!@!@
The coverage statistics at 2018-01-11 14:30:05
@!@!@ENDMSG 2201 @!@!@
@!@!@STARTMSG 2202:0 @!@!@
End of statistics.
@!@!@ENDMSG 2202 @!@!@
@!@!@STARTMSG 2200:0 @!@!@
Progress(1) at 2018-01-11 14:30:05: 1 states generated (163 s/min), 1 distinct states found (163 ds/min), 1 states left on queue.
@!@!@ENDMSG 2200 @!@!@
@!@!@STARTMSG 2199:0 @!@!@
1 states generated, 1 distinct states found, 1 states left on queue.
@!@!@ENDMSG 2199 @!@!@
@!@!@STARTMSG 2186:0 @!@!@
Finished in 558ms at (2018-01-11 14:30:05)
@!@!@ENDMSG 2186 @!@!@
